build/app/intermediates/manifest_merge_blame_file/debug/manifest-merger-blame-debug-report.txt
1<?xml version="1.0" encoding="utf-8"?>
2<manifest xmlns:android="http://schemas.android.com/apk/res/android"
3    package="com.krishivikas.android"
4    android:versionCode="18"
5    android:versionName="11.2.2" >
6
7    <uses-sdk
8        android:minSdkVersion="21"
9        android:targetSdkVersion="33" />
10    <!--
11         Flutter needs it to communicate with the running application
12         to allow setting breakpoints, to provide hot reload, etc.
13    -->
14    <uses-permission android:name="android.permission.INTERNET" />
14-->src\main\AndroidManifest.xml:3:5-66
14-->src\main\AndroidManifest.xml:3:22-64
15    <uses-permission android:name="android.permission.ACCESS_NETWORK_STATE" />
15-->src\main\AndroidManifest.xml:4:5-78
15-->src\main\AndroidManifest.xml:4:22-76
16    <uses-permission android:name="android.permission.ACCESS_FINE_LOCATION" />
16-->src\main\AndroidManifest.xml:5:5-79
16-->src\main\AndroidManifest.xml:5:22-76
17    <uses-permission android:name="android.permission.ACCESS_COARSE_LOCATION" />
17-->src\main\AndroidManifest.xml:6:5-80
17-->src\main\AndroidManifest.xml:6:22-78
18    <uses-permission android:name="android.permission.CAMERA" />
18-->src\main\AndroidManifest.xml:7:5-65
18-->src\main\AndroidManifest.xml:7:22-62
19    <uses-permission android:name="android.permission.READ_EXTERNAL_STORAGE" />
19-->src\main\AndroidManifest.xml:8:5-79
19-->src\main\AndroidManifest.xml:8:22-77
20    <uses-permission android:name="android.permission.WRITE_EXTERNAL_STORAGE" />
20-->src\main\AndroidManifest.xml:9:5-80
20-->src\main\AndroidManifest.xml:9:22-78
21
22    <queries>
22-->src\main\AndroidManifest.xml:11:9-24:15
23        <intent>
23-->src\main\AndroidManifest.xml:12:9-15:18
24            <action android:name="android.intent.action.VIEW" />
24-->src\main\AndroidManifest.xml:13:13-65
24-->src\main\AndroidManifest.xml:13:21-62
25
26            <data android:scheme="https" />
26-->src\main\AndroidManifest.xml:14:13-44
26-->src\main\AndroidManifest.xml:14:19-41
27        </intent>
28        <intent>
28-->src\main\AndroidManifest.xml:16:9-19:18
29            <action android:name="android.intent.action.DIAL" />
29-->src\main\AndroidManifest.xml:17:13-65
29-->src\main\AndroidManifest.xml:17:21-62
30
31            <data android:scheme="tel" />
31-->src\main\AndroidManifest.xml:14:13-44
31-->src\main\AndroidManifest.xml:14:19-41
32        </intent>
33        <intent>
33-->src\main\AndroidManifest.xml:20:9-23:18
34            <action android:name="android.intent.action.SEND" />
34-->src\main\AndroidManifest.xml:21:13-65
34-->src\main\AndroidManifest.xml:21:21-62
35
36            <data android:mimeType="*/*" />
36-->src\main\AndroidManifest.xml:14:13-44
37        </intent>
38        <intent>
38-->[:file_picker] AndroidManifest.xml:12:9-16:18
39            <action android:name="android.intent.action.GET_CONTENT" />
39-->[:file_picker] AndroidManifest.xml:13:13-72
39-->[:file_picker] AndroidManifest.xml:13:21-69
40
41            <data android:mimeType="*/*" />
41-->src\main\AndroidManifest.xml:14:13-44
42        </intent>
43
44        <package android:name="com.facebook.katana" />
44-->[com.facebook.android:facebook-common:16.2.0] AndroidManifest.xml:18:9-55
44-->[com.facebook.android:facebook-common:16.2.0] AndroidManifest.xml:18:18-52
45    </queries>
46
47    <uses-permission android:name="android.permission.WAKE_LOCK" /> <!-- Permissions options for the `notification` group -->
47-->[:firebase_messaging] AndroidManifest.xml:10:5-68
47-->[:firebase_messaging] AndroidManifest.xml:10:22-65
48    <uses-permission android:name="android.permission.POST_NOTIFICATIONS" />
48-->[:firebase_messaging] AndroidManifest.xml:13:5-77
48-->[:firebase_messaging] AndroidManifest.xml:13:22-74
49    <uses-permission android:name="android.permission.FOREGROUND_SERVICE" />
49-->[:geolocator_android] AndroidManifest.xml:9:5-77
49-->[:geolocator_android] AndroidManifest.xml:9:22-74
50    <uses-permission android:name="android.permission.RECEIVE_BOOT_COMPLETED" />
50-->[:flutter_local_notifications] AndroidManifest.xml:9:5-81
50-->[:flutter_local_notifications] AndroidManifest.xml:9:22-78
51    <uses-permission android:name="android.permission.VIBRATE" />
51-->[:flutter_local_notifications] AndroidManifest.xml:10:5-66
51-->[:flutter_local_notifications] AndroidManifest.xml:10:22-63
52    <uses-permission android:name="android.permission.USE_FULL_SCREEN_INTENT" />
52-->[:flutter_local_notifications] AndroidManifest.xml:11:5-81
52-->[:flutter_local_notifications] AndroidManifest.xml:11:22-78
53    <uses-permission android:name="android.permission.SCHEDULE_EXACT_ALARM" />
53-->[:flutter_local_notifications] AndroidManifest.xml:12:5-79
53-->[:flutter_local_notifications] AndroidManifest.xml:12:22-76
54    <uses-permission android:name="android.permission.RECORD_AUDIO" />
54-->[:camera_android] AndroidManifest.xml:10:5-71
54-->[:camera_android] AndroidManifest.xml:10:22-68
55    <uses-permission android:name="android.permission.BROADCAST_CLOSE_SYSTEM_DIALOGS" /> <!-- Create a unique permission for your app and use it so only your app can receive your OneSignal messages. -->
55-->[:awesome_notifications] AndroidManifest.xml:10:5-89
55-->[:awesome_notifications] AndroidManifest.xml:10:22-86
56    <permission
56-->[com.onesignal:OneSignal:4.8.2] AndroidManifest.xml:7:5-9:47
57        android:name="com.krishivikas.android.permission.C2D_MESSAGE"
57-->[com.onesignal:OneSignal:4.8.2] AndroidManifest.xml:8:9-63
58        android:protectionLevel="signature" />
58-->[com.onesignal:OneSignal:4.8.2] AndroidManifest.xml:9:9-44
59
60    <uses-permission android:name="com.krishivikas.android.permission.C2D_MESSAGE" /> <!-- c2dm RECEIVE are basic requirements for push messages through Google's FCM -->
60-->[com.onesignal:OneSignal:4.8.2] AndroidManifest.xml:11:5-79
60-->[com.onesignal:OneSignal:4.8.2] AndroidManifest.xml:11:22-76
61    <uses-permission android:name="com.google.android.c2dm.permission.RECEIVE" /> <!-- START: ShortcutBadger -->
61-->[com.onesignal:OneSignal:4.8.2] AndroidManifest.xml:18:5-82
61-->[com.onesignal:OneSignal:4.8.2] AndroidManifest.xml:18:22-79
62    <!-- Samsung -->
63    <uses-permission android:name="com.sec.android.provider.badge.permission.READ" />
63-->[com.onesignal:OneSignal:4.8.2] AndroidManifest.xml:32:5-86
63-->[com.onesignal:OneSignal:4.8.2] AndroidManifest.xml:32:22-83
64    <uses-permission android:name="com.sec.android.provider.badge.permission.WRITE" /> <!-- HTC -->
64-->[com.onesignal:OneSignal:4.8.2] AndroidManifest.xml:33:5-87
64-->[com.onesignal:OneSignal:4.8.2] AndroidManifest.xml:33:22-84
65    <uses-permission android:name="com.htc.launcher.permission.READ_SETTINGS" />
65-->[com.onesignal:OneSignal:4.8.2] AndroidManifest.xml:34:5-81
65-->[com.onesignal:OneSignal:4.8.2] AndroidManifest.xml:34:22-78
66    <uses-permission android:name="com.htc.launcher.permission.UPDATE_SHORTCUT" /> <!-- Sony -->
66-->[com.onesignal:OneSignal:4.8.2] AndroidManifest.xml:35:5-83
66-->[com.onesignal:OneSignal:4.8.2] AndroidManifest.xml:35:22-80
67    <uses-permission android:name="com.sonyericsson.home.permission.BROADCAST_BADGE" />
67-->[com.onesignal:OneSignal:4.8.2] AndroidManifest.xml:36:5-88
67-->[com.onesignal:OneSignal:4.8.2] AndroidManifest.xml:36:22-85
68    <uses-permission android:name="com.sonymobile.home.permission.PROVIDER_INSERT_BADGE" /> <!-- Apex -->
68-->[com.onesignal:OneSignal:4.8.2] AndroidManifest.xml:37:5-92
68-->[com.onesignal:OneSignal:4.8.2] AndroidManifest.xml:37:22-89
69    <uses-permission android:name="com.anddoes.launcher.permission.UPDATE_COUNT" /> <!-- Solid -->
69-->[com.onesignal:OneSignal:4.8.2] AndroidManifest.xml:38:5-84
69-->[com.onesignal:OneSignal:4.8.2] AndroidManifest.xml:38:22-81
70    <uses-permission android:name="com.majeur.launcher.permission.UPDATE_BADGE" /> <!-- Huawei -->
70-->[com.onesignal:OneSignal:4.8.2] AndroidManifest.xml:39:5-83
70-->[com.onesignal:OneSignal:4.8.2] AndroidManifest.xml:39:22-80
71    <uses-permission android:name="com.huawei.android.launcher.permission.CHANGE_BADGE" />
71-->[com.onesignal:OneSignal:4.8.2] AndroidManifest.xml:40:5-91
71-->[com.onesignal:OneSignal:4.8.2] AndroidManifest.xml:40:22-88
72    <uses-permission android:name="com.huawei.android.launcher.permission.READ_SETTINGS" />
72-->[com.onesignal:OneSignal:4.8.2] AndroidManifest.xml:41:5-92
72-->[com.onesignal:OneSignal:4.8.2] AndroidManifest.xml:41:22-89
73    <uses-permission android:name="com.huawei.android.launcher.permission.WRITE_SETTINGS" /> <!-- ZUK -->
73-->[com.onesignal:OneSignal:4.8.2] AndroidManifest.xml:42:5-93
73-->[com.onesignal:OneSignal:4.8.2] AndroidManifest.xml:42:22-90
74    <uses-permission android:name="android.permission.READ_APP_BADGE" /> <!-- OPPO -->
74-->[com.onesignal:OneSignal:4.8.2] AndroidManifest.xml:43:5-73
74-->[com.onesignal:OneSignal:4.8.2] AndroidManifest.xml:43:22-70
75    <uses-permission android:name="com.oppo.launcher.permission.READ_SETTINGS" />
75-->[com.onesignal:OneSignal:4.8.2] AndroidManifest.xml:44:5-82
75-->[com.onesignal:OneSignal:4.8.2] AndroidManifest.xml:44:22-79
76    <uses-permission android:name="com.oppo.launcher.permission.WRITE_SETTINGS" /> <!-- EvMe -->
76-->[com.onesignal:OneSignal:4.8.2] AndroidManifest.xml:45:5-83
76-->[com.onesignal:OneSignal:4.8.2] AndroidManifest.xml:45:22-80
77    <uses-permission android:name="me.everything.badger.permission.BADGE_COUNT_READ" />
77-->[com.onesignal:OneSignal:4.8.2] AndroidManifest.xml:46:5-88
77-->[com.onesignal:OneSignal:4.8.2] AndroidManifest.xml:46:22-85
78    <uses-permission android:name="me.everything.badger.permission.BADGE_COUNT_WRITE" />
78-->[com.onesignal:OneSignal:4.8.2] AndroidManifest.xml:47:5-89
78-->[com.onesignal:OneSignal:4.8.2] AndroidManifest.xml:47:22-86
79    <uses-permission android:name="com.google.android.gms.permission.AD_ID" />
79-->[com.facebook.android:facebook-core:16.2.0] AndroidManifest.xml:16:5-79
79-->[com.facebook.android:facebook-core:16.2.0] AndroidManifest.xml:16:22-76
80    <uses-permission android:name="com.google.android.finsky.permission.BIND_GET_INSTALL_REFERRER_SERVICE" />
80-->[com.google.android.gms:play-services-measurement:21.2.0] AndroidManifest.xml:26:5-110
80-->[com.google.android.gms:play-services-measurement:21.2.0] AndroidManifest.xml:26:22-107
81
82    <application
82-->src\main\AndroidManifest.xml:25:4-97:19
83        android:name="androidx.multidex.MultiDexApplication"
83-->src\main\AndroidManifest.xml:28:9-61
84        android:allowBackup="false"
84-->src\main\AndroidManifest.xml:26:9-36
85        android:appComponentFactory="androidx.core.app.CoreComponentFactory"
85-->[androidx.core:core:1.8.0] AndroidManifest.xml:24:18-86
86        android:debuggable="true"
87        android:icon="@mipmap/launcher_icon"
87-->src\main\AndroidManifest.xml:31:9-45
88        android:label="Krishivikas"
88-->src\main\AndroidManifest.xml:27:9-36
89        android:requestLegacyExternalStorage="true"
89-->src\main\AndroidManifest.xml:30:9-52
90        android:supportsRtl="true"
90-->[com.facebook.android:facebook-android-sdk:16.2.0] AndroidManifest.xml:16:18-44
91        android:usesCleartextTraffic="true" >
91-->src\main\AndroidManifest.xml:29:9-44
92        <meta-data
92-->src\main\AndroidManifest.xml:32:9-107
93            android:name="com.facebook.sdk.ApplicationId"
93-->src\main\AndroidManifest.xml:32:20-65
94            android:value="@string/facebook_app_id" />
94-->src\main\AndroidManifest.xml:32:66-105
95        <meta-data
95-->src\main\AndroidManifest.xml:33:9-111
96            android:name="com.facebook.sdk.ClientToken"
96-->src\main\AndroidManifest.xml:33:20-63
97            android:value="@string/facebook_client_token" />
97-->src\main\AndroidManifest.xml:33:64-109
98
99        <activity
99-->src\main\AndroidManifest.xml:35:9-63:20
100            android:name="com.krishivikas.android.MainActivity"
100-->src\main\AndroidManifest.xml:36:13-41
101            android:configChanges="orientation|keyboardHidden|keyboard|screenSize|smallestScreenSize|locale|layoutDirection|fontScale|screenLayout|density|uiMode"
101-->src\main\AndroidManifest.xml:40:13-163
102            android:exported="true"
102-->src\main\AndroidManifest.xml:37:13-36
103            android:hardwareAccelerated="true"
103-->src\main\AndroidManifest.xml:41:13-47
104            android:launchMode="singleTask"
104-->src\main\AndroidManifest.xml:38:13-44
105            android:theme="@style/LaunchTheme"
105-->src\main\AndroidManifest.xml:39:13-47
106            android:windowSoftInputMode="adjustResize" >
106-->src\main\AndroidManifest.xml:42:13-55
107
108            <!--
109                 Specifies an Android theme to apply to this Activity as soon as
110                 the Android process has started. This theme is visible to the user
111                 while the Flutter UI initializes. After that, this theme continues
112                 to determine the Window background behind the Flutter UI.
113            -->
114            <intent-filter>
114-->src\main\AndroidManifest.xml:47:13-50:29
115                <action android:name="android.intent.action.MAIN" />
115-->src\main\AndroidManifest.xml:48:17-68
115-->src\main\AndroidManifest.xml:48:25-66
116
117                <category android:name="android.intent.category.LAUNCHER" />
117-->src\main\AndroidManifest.xml:49:17-76
117-->src\main\AndroidManifest.xml:49:27-74
118            </intent-filter>
119            <intent-filter>
119-->src\main\AndroidManifest.xml:51:13-58:17
120                <action android:name="android.intent.action.VIEW" />
120-->src\main\AndroidManifest.xml:13:13-65
120-->src\main\AndroidManifest.xml:13:21-62
121
122                <category android:name="android.intent.category.DEFAULT" />
122-->src\main\AndroidManifest.xml:53:5-63
122-->src\main\AndroidManifest.xml:53:15-61
123                <category android:name="android.intent.category.BROWSABLE" />
123-->src\main\AndroidManifest.xml:54:5-65
123-->src\main\AndroidManifest.xml:54:15-63
124
125                <data
125-->src\main\AndroidManifest.xml:14:13-44
126                    android:host="krishivikas.page.link"
127                    android:scheme="https" />
127-->src\main\AndroidManifest.xml:14:19-41
128            </intent-filter>
129            <intent-filter>
129-->src\main\AndroidManifest.xml:59:13-62:17
130                <action android:name="FLUTTER_NOTIFICATION_CLICK" />
130-->src\main\AndroidManifest.xml:60:5-57
130-->src\main\AndroidManifest.xml:60:13-54
131
132                <category android:name="android.intent.category.DEFAULT" />
132-->src\main\AndroidManifest.xml:53:5-63
132-->src\main\AndroidManifest.xml:53:15-61
133            </intent-filter>
134        </activity>
135        <activity
135-->src\main\AndroidManifest.xml:64:9-67:61
136            android:name="com.yalantis.ucrop.UCropActivity"
136-->src\main\AndroidManifest.xml:65:3-50
137            android:screenOrientation="portrait"
137-->src\main\AndroidManifest.xml:66:3-39
138            android:theme="@style/Theme.AppCompat.Light.NoActionBar" />
138-->src\main\AndroidManifest.xml:67:3-59
139        <activity
139-->src\main\AndroidManifest.xml:69:5-72:44
140            android:name="com.facebook.FacebookActivity"
140-->src\main\AndroidManifest.xml:69:15-59
141            android:configChanges="keyboard|keyboardHidden|screenLayout|screenSize|orientation"
141-->src\main\AndroidManifest.xml:70:9-110
142            android:label="@string/app_name"
142-->src\main\AndroidManifest.xml:72:9-41
143            android:theme="@style/com_facebook_activity_theme" />
143-->[com.facebook.android:facebook-common:16.2.0] AndroidManifest.xml:25:13-63
144        <activity
144-->src\main\AndroidManifest.xml:73:5-82:16
145            android:name="com.facebook.CustomTabActivity"
145-->src\main\AndroidManifest.xml:74:9-54
146            android:exported="true" >
146-->src\main\AndroidManifest.xml:75:9-32
147            <intent-filter>
147-->src\main\AndroidManifest.xml:76:9-81:25
148                <action android:name="android.intent.action.VIEW" />
148-->src\main\AndroidManifest.xml:13:13-65
148-->src\main\AndroidManifest.xml:13:21-62
149
150                <category android:name="android.intent.category.DEFAULT" />
150-->src\main\AndroidManifest.xml:53:5-63
150-->src\main\AndroidManifest.xml:53:15-61
151                <category android:name="android.intent.category.BROWSABLE" />
151-->src\main\AndroidManifest.xml:54:5-65
151-->src\main\AndroidManifest.xml:54:15-63
152
153                <data android:scheme="@string/fb_login_protocol_scheme" />
153-->src\main\AndroidManifest.xml:14:13-44
153-->src\main\AndroidManifest.xml:14:19-41
154            </intent-filter>
155            <intent-filter>
155-->[com.facebook.android:facebook-common:16.2.0] AndroidManifest.xml:31:13-40:29
156                <action android:name="android.intent.action.VIEW" />
156-->src\main\AndroidManifest.xml:13:13-65
156-->src\main\AndroidManifest.xml:13:21-62
157
158                <category android:name="android.intent.category.DEFAULT" />
158-->src\main\AndroidManifest.xml:53:5-63
158-->src\main\AndroidManifest.xml:53:15-61
159                <category android:name="android.intent.category.BROWSABLE" />
159-->src\main\AndroidManifest.xml:54:5-65
159-->src\main\AndroidManifest.xml:54:15-63
160
161                <data
161-->src\main\AndroidManifest.xml:14:13-44
162                    android:host="cct.com.krishivikas.android"
163                    android:scheme="fbconnect" />
163-->src\main\AndroidManifest.xml:14:19-41
164            </intent-filter>
165        </activity>
166
167        <meta-data
167-->src\main\AndroidManifest.xml:84:4-87:17
168            android:name="io.flutter.embedding.android.NormalTheme"
168-->src\main\AndroidManifest.xml:85:15-70
169            android:resource="@style/NormalTheme" />
169-->src\main\AndroidManifest.xml:86:15-52
170        <meta-data
170-->src\main\AndroidManifest.xml:88:15-90:54
171            android:name="com.google.firebase.messaging.default_notification_channel_id"
171-->src\main\AndroidManifest.xml:89:17-93
172            android:value="pushnotificationapp" />
172-->src\main\AndroidManifest.xml:90:17-52
173        <!--
174             Don't delete the meta-data below.
175             This is used by the Flutter tool to generate GeneratedPluginRegistrant.java
176        -->
177        <meta-data
177-->src\main\AndroidManifest.xml:93:9-95:33
178            android:name="flutterEmbedding"
178-->src\main\AndroidManifest.xml:94:13-44
179            android:value="2" />
179-->src\main\AndroidManifest.xml:95:13-30
180        <meta-data
180-->src\main\AndroidManifest.xml:96:13-106
181            android:name="com.onesignal.NotificationOpened.DEFAULT"
181-->src\main\AndroidManifest.xml:96:24-79
182            android:value="DISABLE" />
182-->src\main\AndroidManifest.xml:96:80-103
183
184        <service
184-->[:firebase_messaging] AndroidManifest.xml:16:9-19:72
185            android:name="io.flutter.plugins.firebase.messaging.FlutterFirebaseMessagingBackgroundService"
185-->[:firebase_messaging] AndroidManifest.xml:17:13-107
186            android:exported="false"
186-->[:firebase_messaging] AndroidManifest.xml:18:13-37
187            android:permission="android.permission.BIND_JOB_SERVICE" />
187-->[:firebase_messaging] AndroidManifest.xml:19:13-69
188        <service
188-->[:firebase_messaging] AndroidManifest.xml:20:9-26:19
189            android:name="io.flutter.plugins.firebase.messaging.FlutterFirebaseMessagingService"
189-->[:firebase_messaging] AndroidManifest.xml:21:13-97
190            android:exported="false" >
190-->[:firebase_messaging] AndroidManifest.xml:22:13-37
191            <intent-filter>
191-->[:firebase_messaging] AndroidManifest.xml:23:13-25:29
192                <action android:name="com.google.firebase.MESSAGING_EVENT" />
192-->[:firebase_messaging] AndroidManifest.xml:24:17-78
192-->[:firebase_messaging] AndroidManifest.xml:24:25-75
193            </intent-filter>
194        </service>
195
196        <receiver
196-->[:firebase_messaging] AndroidManifest.xml:28:9-35:20
197            android:name="io.flutter.plugins.firebase.messaging.FlutterFirebaseMessagingReceiver"
197-->[:firebase_messaging] AndroidManifest.xml:29:13-98
198            android:exported="true"
198-->[:firebase_messaging] AndroidManifest.xml:30:13-36
199            android:permission="com.google.android.c2dm.permission.SEND" >
199-->[:firebase_messaging] AndroidManifest.xml:31:13-73
200            <intent-filter>
200-->[:firebase_messaging] AndroidManifest.xml:32:13-34:29
201                <action android:name="com.google.android.c2dm.intent.RECEIVE" />
201-->[:firebase_messaging] AndroidManifest.xml:33:17-81
201-->[:firebase_messaging] AndroidManifest.xml:33:25-78
202            </intent-filter>
203        </receiver>
204
205        <service
205-->[:firebase_messaging] AndroidManifest.xml:37:9-41:19
206            android:name="com.google.firebase.components.ComponentDiscoveryService"
206-->[:firebase_messaging] AndroidManifest.xml:37:18-89
207            android:directBootAware="true"
207-->[com.google.firebase:firebase-common:20.2.0] AndroidManifest.xml:34:13-43
208            android:exported="false" >
208-->[com.google.firebase:firebase-analytics-ktx:21.2.0] AndroidManifest.xml:10:13-37
209            <meta-data
209-->[:firebase_messaging] AndroidManifest.xml:38:13-40:85
210                android:name="com.google.firebase.components:io.flutter.plugins.firebase.messaging.FlutterFirebaseAppRegistrar"
210-->[:firebase_messaging] AndroidManifest.xml:39:17-128
211                android:value="com.google.firebase.components.ComponentRegistrar" />
211-->[:firebase_messaging] AndroidManifest.xml:40:17-82
212            <meta-data
212-->[:cloud_firestore] AndroidManifest.xml:11:13-13:85
213                android:name="com.google.firebase.components:io.flutter.plugins.firebase.firestore.FlutterFirebaseFirestoreRegistrar"
213-->[:cloud_firestore] AndroidManifest.xml:12:17-134
214                android:value="com.google.firebase.components.ComponentRegistrar" />
214-->[:cloud_firestore] AndroidManifest.xml:13:17-82
215            <meta-data
215-->[:firebase_dynamic_links] AndroidManifest.xml:13:13-15:85
216                android:name="com.google.firebase.components:io.flutter.plugins.firebase.dynamiclinks.FlutterFirebaseAppRegistrar"
216-->[:firebase_dynamic_links] AndroidManifest.xml:14:17-131
217                android:value="com.google.firebase.components.ComponentRegistrar" />
217-->[:firebase_dynamic_links] AndroidManifest.xml:15:17-82
218            <meta-data
218-->[:firebase_auth] AndroidManifest.xml:11:13-13:85
219                android:name="com.google.firebase.components:io.flutter.plugins.firebase.auth.FlutterFirebaseAuthRegistrar"
219-->[:firebase_auth] AndroidManifest.xml:12:17-124
220                android:value="com.google.firebase.components.ComponentRegistrar" />
220-->[:firebase_auth] AndroidManifest.xml:13:17-82
221            <meta-data
221-->[:firebase_storage] AndroidManifest.xml:11:13-13:85
222                android:name="com.google.firebase.components:io.flutter.plugins.firebase.storage.FlutterFirebaseAppRegistrar"
222-->[:firebase_storage] AndroidManifest.xml:12:17-126
223                android:value="com.google.firebase.components.ComponentRegistrar" />
223-->[:firebase_storage] AndroidManifest.xml:13:17-82
224            <meta-data
224-->[:firebase_core] AndroidManifest.xml:11:13-13:85
225                android:name="com.google.firebase.components:io.flutter.plugins.firebase.core.FlutterFirebaseCoreRegistrar"
225-->[:firebase_core] AndroidManifest.xml:12:17-124
226                android:value="com.google.firebase.components.ComponentRegistrar" />
226-->[:firebase_core] AndroidManifest.xml:13:17-82
227            <meta-data
227-->[com.google.firebase:firebase-analytics-ktx:21.2.0] AndroidManifest.xml:11:13-13:85
228                android:name="com.google.firebase.components:com.google.firebase.analytics.ktx.FirebaseAnalyticsKtxRegistrar"
228-->[com.google.firebase:firebase-analytics-ktx:21.2.0] AndroidManifest.xml:12:17-126
229                android:value="com.google.firebase.components.ComponentRegistrar" />
229-->[com.google.firebase:firebase-analytics-ktx:21.2.0] AndroidManifest.xml:13:17-82
230            <meta-data
230-->[com.google.firebase:firebase-common-ktx:20.2.0] AndroidManifest.xml:14:13-16:85
231                android:name="com.google.firebase.components:com.google.firebase.ktx.FirebaseCommonKtxRegistrar"
231-->[com.google.firebase:firebase-common-ktx:20.2.0] AndroidManifest.xml:15:17-113
232                android:value="com.google.firebase.components.ComponentRegistrar" />
232-->[com.google.firebase:firebase-common-ktx:20.2.0] AndroidManifest.xml:16:17-82
233            <meta-data
233-->[com.google.firebase:firebase-messaging:23.1.0] AndroidManifest.xml:55:13-57:85
234                android:name="com.google.firebase.components:com.google.firebase.messaging.FirebaseMessagingRegistrar"
234-->[com.google.firebase:firebase-messaging:23.1.0] AndroidManifest.xml:56:17-119
235                android:value="com.google.firebase.components.ComponentRegistrar" />
235-->[com.google.firebase:firebase-messaging:23.1.0] AndroidManifest.xml:57:17-82
236            <meta-data
236-->[com.google.firebase:firebase-iid:21.1.0] AndroidManifest.xml:32:13-34:85
237                android:name="com.google.firebase.components:com.google.firebase.iid.Registrar"
237-->[com.google.firebase:firebase-iid:21.1.0] AndroidManifest.xml:33:17-96
238                android:value="com.google.firebase.components.ComponentRegistrar" />
238-->[com.google.firebase:firebase-iid:21.1.0] AndroidManifest.xml:34:17-82
239            <meta-data
239-->[com.google.firebase:firebase-firestore:24.4.0] AndroidManifest.xml:19:13-21:85
240                android:name="com.google.firebase.components:com.google.firebase.firestore.FirestoreRegistrar"
240-->[com.google.firebase:firebase-firestore:24.4.0] AndroidManifest.xml:20:17-111
241                android:value="com.google.firebase.components.ComponentRegistrar" />
241-->[com.google.firebase:firebase-firestore:24.4.0] AndroidManifest.xml:21:17-82
242            <meta-data
242-->[com.google.firebase:firebase-dynamic-links:21.1.0] AndroidManifest.xml:26:13-28:85
243                android:name="com.google.firebase.components:com.google.firebase.dynamiclinks.internal.FirebaseDynamicLinkRegistrar"
243-->[com.google.firebase:firebase-dynamic-links:21.1.0] AndroidManifest.xml:27:17-133
244                android:value="com.google.firebase.components.ComponentRegistrar" />
244-->[com.google.firebase:firebase-dynamic-links:21.1.0] AndroidManifest.xml:28:17-82
245            <meta-data
245-->[com.google.firebase:firebase-storage:20.1.0] AndroidManifest.xml:32:13-34:85
246                android:name="com.google.firebase.components:com.google.firebase.storage.StorageRegistrar"
246-->[com.google.firebase:firebase-storage:20.1.0] AndroidManifest.xml:33:17-107
247                android:value="com.google.firebase.components.ComponentRegistrar" />
247-->[com.google.firebase:firebase-storage:20.1.0] AndroidManifest.xml:34:17-82
248            <meta-data
248-->[com.google.firebase:firebase-auth:21.1.0] AndroidManifest.xml:67:13-69:85
249                android:name="com.google.firebase.components:com.google.firebase.auth.FirebaseAuthRegistrar"
249-->[com.google.firebase:firebase-auth:21.1.0] AndroidManifest.xml:68:17-109
250                android:value="com.google.firebase.components.ComponentRegistrar" />
250-->[com.google.firebase:firebase-auth:21.1.0] AndroidManifest.xml:69:17-82
251            <meta-data
251-->[com.google.firebase:firebase-datatransport:18.1.7] AndroidManifest.xml:27:13-29:85
252                android:name="com.google.firebase.components:com.google.firebase.datatransport.TransportRegistrar"
252-->[com.google.firebase:firebase-datatransport:18.1.7] AndroidManifest.xml:28:17-115
253                android:value="com.google.firebase.components.ComponentRegistrar" />
253-->[com.google.firebase:firebase-datatransport:18.1.7] AndroidManifest.xml:29:17-82
254            <meta-data
254-->[com.google.android.gms:play-services-measurement-api:21.2.0] AndroidManifest.xml:31:13-33:85
255                android:name="com.google.firebase.components:com.google.firebase.analytics.connector.internal.AnalyticsConnectorRegistrar"
255-->[com.google.android.gms:play-services-measurement-api:21.2.0] AndroidManifest.xml:32:17-139
256                android:value="com.google.firebase.components.ComponentRegistrar" />
256-->[com.google.android.gms:play-services-measurement-api:21.2.0] AndroidManifest.xml:33:17-82
257            <meta-data
257-->[com.google.firebase:firebase-installations:17.1.0] AndroidManifest.xml:17:13-19:85
258                android:name="com.google.firebase.components:com.google.firebase.installations.FirebaseInstallationsRegistrar"
258-->[com.google.firebase:firebase-installations:17.1.0] AndroidManifest.xml:18:17-127
259                android:value="com.google.firebase.components.ComponentRegistrar" />
259-->[com.google.firebase:firebase-installations:17.1.0] AndroidManifest.xml:19:17-82
260        </service>
261
262        <provider
262-->[:firebase_messaging] AndroidManifest.xml:43:9-47:38
263            android:name="io.flutter.plugins.firebase.messaging.FlutterFirebaseMessagingInitProvider"
263-->[:firebase_messaging] AndroidManifest.xml:44:13-102
264            android:authorities="com.krishivikas.android.flutterfirebasemessaginginitprovider"
264-->[:firebase_messaging] AndroidManifest.xml:45:13-88
265            android:exported="false"
265-->[:firebase_messaging] AndroidManifest.xml:46:13-37
266            android:initOrder="99" />
266-->[:firebase_messaging] AndroidManifest.xml:47:13-35
267
268        <service
268-->[:geolocator_android] AndroidManifest.xml:12:9-16:56